c:\users\leonardo\desktop\cg\icg - plantilla\x64\release\vc141.pdb
c:\users\leonardo\desktop\cg\icg - plantilla\x64\release\userinterface.obj
c:\users\leonardo\desktop\cg\icg - plantilla\x64\release\quad.obj
c:\users\leonardo\desktop\cg\icg - plantilla\x64\release\line.obj
c:\users\leonardo\desktop\cg\icg - plantilla\x64\release\figure.obj
c:\users\leonardo\desktop\cg\icg - plantilla\x64\release\circle.obj
c:\users\leonardo\desktop\cg\icg - plantilla\x64\release\main.obj
c:\users\leonardo\desktop\cg\icg - plantilla\x64\release\triangle.obj
c:\users\leonardo\desktop\cg\icg - plantilla\x64\release\ellipse.obj
c:\users\leonardo\desktop\cg\icg - plantilla\x64\release\bezier.obj
c:\users\leonardo\desktop\cg\x64\release\icg - plantilla.ipdb
c:\users\leonardo\desktop\cg\x64\release\icg - plantilla.iobj
c:\users\leonardo\desktop\cg\x64\release\icg - plantilla.exe
c:\users\leonardo\desktop\cg\x64\release\icg - plantilla.pdb
c:\users\leonardo\desktop\cg\icg - plantilla\x64\release\circle.nativecodeanalysis.xml
c:\users\leonardo\desktop\cg\icg - plantilla\x64\release\ellipse.nativecodeanalysis.xml
c:\users\leonardo\desktop\cg\icg - plantilla\x64\release\figure.nativecodeanalysis.xml
c:\users\leonardo\desktop\cg\icg - plantilla\x64\release\line.nativecodeanalysis.xml
c:\users\leonardo\desktop\cg\icg - plantilla\x64\release\main.nativecodeanalysis.xml
c:\users\leonardo\desktop\cg\icg - plantilla\x64\release\quad.nativecodeanalysis.xml
c:\users\leonardo\desktop\cg\icg - plantilla\x64\release\triangle.nativecodeanalysis.xml
c:\users\leonardo\desktop\cg\icg - plantilla\x64\release\userinterface.nativecodeanalysis.xml
c:\users\leonardo\desktop\cg\icg - plantilla\x64\release\icg - plantilla.tlog\cl.command.1.tlog
c:\users\leonardo\desktop\cg\icg - plantilla\x64\release\icg - plantilla.tlog\cl.read.1.tlog
c:\users\leonardo\desktop\cg\icg - plantilla\x64\release\icg - plantilla.tlog\cl.write.1.tlog
c:\users\leonardo\desktop\cg\icg - plantilla\x64\release\icg - plantilla.tlog\icg - plantilla.write.1u.tlog
c:\users\leonardo\desktop\cg\icg - plantilla\x64\release\icg - plantilla.tlog\link.command.1.tlog
c:\users\leonardo\desktop\cg\icg - plantilla\x64\release\icg - plantilla.tlog\link.read.1.tlog
c:\users\leonardo\desktop\cg\icg - plantilla\x64\release\icg - plantilla.tlog\link.write.1.tlog
